<?xml version="1.0" encoding="UTF-8"?>
<!-- Generated by org.testng.reporters.JUnitReportReporter -->
<testsuite hostname="LAPTOP-ILSG7P8V" failures="0" tests="1" name="amazon.AddToCart" time="0.000" errors="0" timestamp="2020-06-11T16:59:17 IST" skipped="1">
  <testcase classname="amazon.AddToCart" name="HomePageNavigation" time="0.000">
    <skipped/>
  </testcase> <!-- HomePageNavigation -->
  <system-out/>
</testsuite> <!-- amazon.AddToCart -->
