<?xml version="1.0" encoding="UTF-8"?>
<!-- Generated by org.testng.reporters.JUnitReportReporter -->
<testsuite hostname="LAPTOP-ILSG7P8V" failures="0" tests="1" name="Academy.validateNavigationBar" time="0.118" errors="0" timestamp="2020-06-11T07:22:23 IST" skipped="0">
  <testcase classname="Academy.validateNavigationBar" name="validateAppNavBar" time="0.118"/>
  <system-out/>
</testsuite> <!-- Academy.validateNavigationBar -->
