<?xml version="1.0" encoding="UTF-8"?>
<!-- Generated by org.testng.reporters.JUnitReportReporter -->
<testsuite hostname="LAPTOP-ILSG7P8V" failures="0" tests="2" name="Academy.HomePage" time="24.877" errors="0" timestamp="2020-06-11T07:22:23 IST" skipped="0">
  <testcase classname="Academy.HomePage" name="basePageNavigation" time="12.333"/>
  <system-out/>
  <testcase classname="Academy.HomePage" name="basePageNavigation" time="12.544"/>
  <system-out/>
</testsuite> <!-- Academy.HomePage -->
